WARNING: OneDEvaluation method in LegendreBasis is deprecated because of inefficiency
Deactivating element with 
Nodes : (0) (0.5)
#id : 1
p level : 0
e = 0.000136988
E = 0.000136988
e~ 0.000136894
q = 0.000136894
E~ = 0.000136894

Deactivating element with 
Nodes : (0.5) (1)
#id : 2
p level : 0
e = 0.17637
E = 0.17637
e~ 0.0933642
q = 0.0933642
E~ = 0.0933642

Deactivating element with 
Nodes : (0) (0.5)
#id : 1
p level : 0
e = 0.000136988
E = 0.000136988
e~ 0.000136894
q = 0.000136894
E~ = 0.000136894

Deactivating element with 
Nodes : (0.5) (1)
#id : 2
p level : 1
e = 0.0950263
E = 0.0950263
e~ 0.0933642
q = 0.0470939
E~ = 0.0470939

Deactivating element with 
Nodes : (0.5) (0.75)
#id : 3
p level : 0
e = 0.00745799
E = 0.00745799
e~ 0.00690631
q = 0.00690631
E~ = 0.00690631

Deactivating element with 
Nodes : (0.75) (1)
#id : 4
p level : 0
e = 0.131078
E = 0.131078
e~ 0.0545262
q = 0.0545262
E~ = 0.0545262

Deactivating element with 
Nodes : (0.5) (0.75)
#id : 3
p level : 0
e = 0.00745799
E = 0.00745799
e~ 0.00690631
q = 0.00690631
E~ = 0.00690631

Deactivating element with 
Nodes : (0.75) (1)
#id : 4
p level : 1
e = 0.0396919
E = 0.0396919
e~ 0.0545262
q = 0.0229706
E~ = 0.0229706

Deactivating element with 
Nodes : (0.75) (0.875)
#id : 5
p level : 0
e = 0.0208504
E = 0.0208504
e~ 0.0150829
q = 0.0150829
E~ = 0.0150829

Deactivating element with 
Nodes : (0.875) (1)
#id : 6
p level : 0
e = 0.0745306
E = 0.0745306
e~ 0.031489
q = 0.031489
E~ = 0.031489

Deactivating element with 
Nodes : (0) (1)
#id : 0
p level : 3
e = 0.04578
E = 0.0354181
e~ 0.19838
q = 0.0196395
E~ = 0.0196395

Deactivating element with 
Nodes : (0.5) (0.75)
#id : 3
p level : 0
e = 0.00745799
E = 0.00745799
e~ 0.00690631
q = 0.00690631
E~ = 0.00690631

Deactivating element with 
Nodes : (0.75) (1)
#id : 4
p level : 2
e = 0.00734767
E = 0.00734767
e~ 0.0545262
q = 0.00556696
E~ = 0.00556696

Deactivating element with 
Nodes : (0.75) (0.875)
#id : 5
p level : 0
e = 0.0208504
E = 0.0208504
e~ 0.0150829
q = 0.0150829
E~ = 0.0150829

Deactivating element with 
Nodes : (0.875) (1)
#id : 6
p level : 1
e = 0.011299
E = 0.011299
e~ 0.031489
q = 0.00831529
E~ = 0.00831529

Deactivating element with 
Nodes : (0.875) (0.9375)
#id : 7
p level : 0
e = 0.0188171
E = 0.0188171
e~ 0.0117785
q = 0.0117785
E~ = 0.0117785

Deactivating element with 
Nodes : (0.9375) (1)
#id : 8
p level : 0
e = 0.0342446
E = 0.0342446
e~ 0.0164045
q = 0.0164045
E~ = 0.0164045

Deactivating element with 
Nodes : (0) (1)
#id : 0
p level : 4
e = 0.018312
E = 0.00938878
e~ 0.19838
q = 0.00634256
E~ = 0.00635211

Deactivating element with 
Nodes : (0.5) (0.75)
#id : 3
p level : 1
e = 0.00293701
E = 0.00293701
e~ 0.00690631
q = 0.00206068
E~ = 0.00206068

Deactivating element with 
Nodes : (0.5) (0.625)
#id : 9
p level : 0
e = 0.000808752
E = 0.000808752
e~ 0.000723972
q = 0.000723972
E~ = 0.000723972

Deactivating element with 
Nodes : (0.625) (0.75)
#id : 10
p level : 0
e = 0.00474002
E = 0.00474002
e~ 0.00281085
q = 0.00281085
E~ = 0.00281085

Deactivating element with 
Nodes : (0.75) (1)
#id : 4
p level : 2
e = 0.00734767
E = 0.00734767
e~ 0.0545262
q = 0.00556696
E~ = 0.00556696

Deactivating element with 
Nodes : (0.75) (0.875)
#id : 5
p level : 0
e = 0.0208504
E = 0.0208504
e~ 0.0150829
q = 0.0150829
E~ = 0.0150829

Deactivating element with 
Nodes : (0.875) (1)
#id : 6
p level : 1
e = 0.011299
E = 0.011299
e~ 0.031489
q = 0.00831529
E~ = 0.00831529

Deactivating element with 
Nodes : (0.875) (0.9375)
#id : 7
p level : 0
e = 0.0188171
E = 0.0188171
e~ 0.0117785
q = 0.0117785
E~ = 0.0117785

Deactivating element with 
Nodes : (0.9375) (1)
#id : 8
p level : 0
e = 0.0342446
E = 0.0342446
e~ 0.0164045
q = 0.0164045
E~ = 0.0164045

Deactivating element with 
Nodes : (0) (1)
#id : 0
p level : 5
e = 0.0057225
E = 0.00187016
e~ 0.19838
q = 0.00136121
E~ = 0.00144479

Deactivating element with 
Nodes : (0.5) (0.75)
#id : 3
p level : 1
e = 0.00293701
E = 0.00293701
e~ 0.00690631
q = 0.00206068
E~ = 0.00206068

Deactivating element with 
Nodes : (0.5) (0.625)
#id : 9
p level : 0
e = 0.000808752
E = 0.000808752
e~ 0.000723972
q = 0.000723972
E~ = 0.000723972

Deactivating element with 
Nodes : (0.625) (0.75)
#id : 10
p level : 0
e = 0.00474002
E = 0.00474002
e~ 0.00281085
q = 0.00281085
E~ = 0.00281085

Deactivating element with 
Nodes : (0.75) (1)
#id : 4
p level : 3
e = 0.000904332
E = 0.000904332
e~ 0.0545262
q = 0.000777956
E~ = 0.000777956

Deactivating element with 
Nodes : (0.75) (0.875)
#id : 5
p level : 1
e = 0.00362201
E = 0.00362201
e~ 0.0150829
q = 0.00292064
E~ = 0.00292064

Deactivating element with 
Nodes : (0.75) (0.8125)
#id : 11
p level : 0
e = 0.00496799
E = 0.00496799
e~ 0.00373707
q = 0.00373707
E~ = 0.00373707

Deactivating element with 
Nodes : (0.8125) (0.875)
#id : 12
p level : 0
e = 0.00990885
E = 0.00990885
e~ 0.00598013
q = 0.00598013
E~ = 0.00598013

Deactivating element with 
Nodes : (0.875) (1)
#id : 6
p level : 1
e = 0.011299
E = 0.011299
e~ 0.031489
q = 0.00831529
E~ = 0.00831529

Deactivating element with 
Nodes : (0.875) (0.9375)
#id : 7
p level : 0
e = 0.0188171
E = 0.0188171
e~ 0.0117785
q = 0.0117785
E~ = 0.0117785

Deactivating element with 
Nodes : (0.9375) (1)
#id : 8
p level : 0
e = 0.0342446
E = 0.0342446
e~ 0.0164045
q = 0.0164045
E~ = 0.0164045

Deactivating element with 
Nodes : (0) (1)
#id : 0
p level : 6
e = 0.00134647
E = 0.000368171
e~ 0.19838
q = 0.00019762
E~ = 0.000293404

Deactivating element with 
Nodes : (0.5) (0.75)
#id : 3
p level : 2
e = 0.000733244
E = 0.000733244
e~ 0.00690631
q = 0.000540809
E~ = 0.000540809

Deactivating element with 
Nodes : (0.5) (0.625)
#id : 9
p level : 0
e = 0.000808752
E = 0.000808752
e~ 0.000723972
q = 0.000723972
E~ = 0.000723972

Deactivating element with 
Nodes : (0.625) (0.75)
#id : 10
p level : 1
e = 0.000962595
E = 0.000962595
e~ 0.00281085
q = 0.00071704
E~ = 0.00071704

Deactivating element with 
Nodes : (0.625) (0.6875)
#id : 13
p level : 0
e = 0.00104118
E = 0.00104118
e~ 0.000759756
q = 0.000759756
E~ = 0.000759756

Deactivating element with 
Nodes : (0.6875) (0.75)
#id : 14
p level : 0
e = 0.00235236
E = 0.00235236
e~ 0.00128062
q = 0.00128062
E~ = 0.00128062

Deactivating element with 
Nodes : (0.75) (1)
#id : 4
p level : 3
e = 0.000904332
E = 0.000904332
e~ 0.0545262
q = 0.000777956
E~ = 0.000777956

Deactivating element with 
Nodes : (0.75) (0.875)
#id : 5
p level : 1
e = 0.00362201
E = 0.00362201
e~ 0.0150829
q = 0.00292064
E~ = 0.00292064

Deactivating element with 
Nodes : (0.75) (0.8125)
#id : 11
p level : 0
e = 0.00496799
E = 0.00496799
e~ 0.00373707
q = 0.00373707
E~ = 0.00373707

Deactivating element with 
Nodes : (0.8125) (0.875)
#id : 12
p level : 0
e = 0.00990885
E = 0.00990885
e~ 0.00598013
q = 0.00598013
E~ = 0.00598013

Deactivating element with 
Nodes : (0.875) (1)
#id : 6
p level : 1
e = 0.011299
E = 0.011299
e~ 0.031489
q = 0.00831529
E~ = 0.00831529

Deactivating element with 
Nodes : (0.875) (0.9375)
#id : 7
p level : 0
e = 0.0188171
E = 0.0188171
e~ 0.0117785
q = 0.0117785
E~ = 0.0117785

Deactivating element with 
Nodes : (0.9375) (1)
#id : 8
p level : 0
e = 0.0342446
E = 0.0342446
e~ 0.0164045
q = 0.0164045
E~ = 0.0164045

Deactivating element with 
Nodes : (0) (1)
#id : 0
p level : 7
e = 0.000224412
E = 0.000158482
e~ 0.19838
q = 0.0001029
E~ = 0.0001029

Deactivating element with 
Nodes : (0) (0.5)
#id : 1
p level : 1
e = 0.000102741
E = 0.000102741
e~ 0.000136894
q = 5.86918e-05
E~ = 5.86918e-05

Deactivating element with 
Nodes : (0) (0.25)
#id : 15
p level : 0
e = 9.45949e-08
E = 9.45949e-08
e~ 9.45296e-08
q = 9.45296e-08
E~ = 9.45296e-08

Deactivating element with 
Nodes : (0.25) (0.5)
#id : 16
p level : 0
e = 0.000121789
E = 0.000121789
e~ 6.44502e-05
q = 6.44502e-05
E~ = 6.44502e-05

Deactivating element with 
Nodes : (0.5) (1)
#id : 2
p level : 6
e = 2.14936e-05
E = 2.14936e-05
e~ 0.0933642
q = 1.93852e-05
E~ = 1.93852e-05

Deactivating element with 
Nodes : (0.5) (0.75)
#id : 3
p level : 2
e = 0.000733244
E = 0.000733244
e~ 0.00690631
q = 0.000540809
E~ = 0.000540809

Deactivating element with 
Nodes : (0.5) (0.625)
#id : 9
p level : 0
e = 0.000808752
E = 0.000808752
e~ 0.000723972
q = 0.000723972
E~ = 0.000723972

Deactivating element with 
Nodes : (0.625) (0.75)
#id : 10
p level : 1
e = 0.000962595
E = 0.000962595
e~ 0.00281085
q = 0.00071704
E~ = 0.00071704

Deactivating element with 
Nodes : (0.625) (0.6875)
#id : 13
p level : 0
e = 0.00104118
E = 0.00104118
e~ 0.000759756
q = 0.000759756
E~ = 0.000759756

Deactivating element with 
Nodes : (0.6875) (0.75)
#id : 14
p level : 0
e = 0.00235236
E = 0.00235236
e~ 0.00128062
q = 0.00128062
E~ = 0.00128062

Deactivating element with 
Nodes : (0.75) (1)
#id : 4
p level : 3
e = 0.000904332
E = 0.000904332
e~ 0.0545262
q = 0.000777956
E~ = 0.000777956

Deactivating element with 
Nodes : (0.75) (0.875)
#id : 5
p level : 1
e = 0.00362201
E = 0.00362201
e~ 0.0150829
q = 0.00292064
E~ = 0.00292064

Deactivating element with 
Nodes : (0.75) (0.8125)
#id : 11
p level : 0
e = 0.00496799
E = 0.00496799
e~ 0.00373707
q = 0.00373707
E~ = 0.00373707

Deactivating element with 
Nodes : (0.8125) (0.875)
#id : 12
p level : 0
e = 0.00990885
E = 0.00990885
e~ 0.00598013
q = 0.00598013
E~ = 0.00598013

Deactivating element with 
Nodes : (0.875) (1)
#id : 6
p level : 1
e = 0.011299
E = 0.011299
e~ 0.031489
q = 0.00831529
E~ = 0.00831529

Deactivating element with 
Nodes : (0.875) (0.9375)
#id : 7
p level : 0
e = 0.0188171
E = 0.0188171
e~ 0.0117785
q = 0.0117785
E~ = 0.0117785

Deactivating element with 
Nodes : (0.9375) (1)
#id : 8
p level : 0
e = 0.0342446
E = 0.0342446
e~ 0.0164045
q = 0.0164045
E~ = 0.0164045

Deactivating element with 
Nodes : (0) (0.5)
#id : 1
p level : 2
e = 6.32253e-05
E = 6.32253e-05
e~ 0.000136894
q = 3.04371e-05
E~ = 3.04371e-05

Deactivating element with 
Nodes : (0) (0.25)
#id : 15
p level : 0
e = 9.45949e-08
E = 9.45949e-08
e~ 9.45296e-08
q = 9.45296e-08
E~ = 9.45296e-08

Deactivating element with 
Nodes : (0.25) (0.5)
#id : 16
p level : 1
e = 6.56189e-05
E = 6.56189e-05
e~ 6.44502e-05
q = 3.25146e-05
E~ = 3.25146e-05

Deactivating element with 
Nodes : (0.25) (0.375)
#id : 17
p level : 0
e = 5.15e-06
E = 5.15e-06
e~ 4.76893e-06
q = 4.76893e-06
E~ = 4.76893e-06

Deactivating element with 
Nodes : (0.375) (0.5)
#id : 18
p level : 0
e = 9.05136e-05
E = 9.05136e-05
e~ 3.76451e-05
q = 3.76451e-05
E~ = 3.76451e-05

Deactivating element with 
Nodes : (0.5) (1)
#id : 2
p level : 6
e = 2.14936e-05
E = 2.14936e-05
e~ 0.0933642
q = 1.93852e-05
E~ = 1.93852e-05

Deactivating element with 
Nodes : (0.5) (0.75)
#id : 3
p level : 2
e = 0.000733244
E = 0.000733244
e~ 0.00690631
q = 0.000540809
E~ = 0.000540809

Deactivating element with 
Nodes : (0.5) (0.625)
#id : 9
p level : 0
e = 0.000808752
E = 0.000808752
e~ 0.000723972
q = 0.000723972
E~ = 0.000723972

Deactivating element with 
Nodes : (0.625) (0.75)
#id : 10
p level : 1
e = 0.000962595
E = 0.000962595
e~ 0.00281085
q = 0.00071704
E~ = 0.00071704

Deactivating element with 
Nodes : (0.625) (0.6875)
#id : 13
p level : 0
e = 0.00104118
E = 0.00104118
e~ 0.000759756
q = 0.000759756
E~ = 0.000759756

Deactivating element with 
Nodes : (0.6875) (0.75)
#id : 14
p level : 0
e = 0.00235236
E = 0.00235236
e~ 0.00128062
q = 0.00128062
E~ = 0.00128062

Deactivating element with 
Nodes : (0.75) (1)
#id : 4
p level : 3
e = 0.000904332
E = 0.000904332
e~ 0.0545262
q = 0.000777956
E~ = 0.000777956

Deactivating element with 
Nodes : (0.75) (0.875)
#id : 5
p level : 1
e = 0.00362201
E = 0.00362201
e~ 0.0150829
q = 0.00292064
E~ = 0.00292064

Deactivating element with 
Nodes : (0.75) (0.8125)
#id : 11
p level : 0
e = 0.00496799
E = 0.00496799
e~ 0.00373707
q = 0.00373707
E~ = 0.00373707

Deactivating element with 
Nodes : (0.8125) (0.875)
#id : 12
p level : 0
e = 0.00990885
E = 0.00990885
e~ 0.00598013
q = 0.00598013
E~ = 0.00598013

Deactivating element with 
Nodes : (0.875) (1)
#id : 6
p level : 1
e = 0.011299
E = 0.011299
e~ 0.031489
q = 0.00831529
E~ = 0.00831529

Deactivating element with 
Nodes : (0.875) (0.9375)
#id : 7
p level : 0
e = 0.0188171
E = 0.0188171
e~ 0.0117785
q = 0.0117785
E~ = 0.0117785

Deactivating element with 
Nodes : (0.9375) (1)
#id : 8
p level : 0
e = 0.0342446
E = 0.0342446
e~ 0.0164045
q = 0.0164045
E~ = 0.0164045

Deactivating element with 
Nodes : (0) (0.5)
#id : 1
p level : 3
e = 3.16126e-05
E = 2.44574e-05
e~ 0.000136894
q = 1.35608e-05
E~ = 1.35608e-05

Deactivating element with 
Nodes : (0) (0.25)
#id : 15
p level : 0
e = 9.45949e-08
E = 9.45949e-08
e~ 9.45296e-08
q = 9.45296e-08
E~ = 9.45296e-08

Deactivating element with 
Nodes : (0.25) (0.5)
#id : 16
p level : 2
e = 2.43628e-05
E = 2.43628e-05
e~ 6.44502e-05
q = 1.39273e-05
E~ = 1.39273e-05

Deactivating element with 
Nodes : (0.25) (0.375)
#id : 17
p level : 0
e = 5.15e-06
E = 5.15e-06
e~ 4.76893e-06
q = 4.76893e-06
E~ = 4.76893e-06

Deactivating element with 
Nodes : (0.375) (0.5)
#id : 18
p level : 1
e = 2.74086e-05
E = 2.74086e-05
e~ 3.76451e-05
q = 1.58607e-05
E~ = 1.58607e-05

Deactivating element with 
Nodes : (0.375) (0.4375)
#id : 19
p level : 0
e = 1.43979e-05
E = 1.43979e-05
e~ 1.04147e-05
q = 1.04147e-05
E~ = 1.04147e-05

Deactivating element with 
Nodes : (0.4375) (0.5)
#id : 20
p level : 0
e = 5.14659e-05
E = 5.14659e-05
e~ 2.17418e-05
q = 2.17418e-05
E~ = 2.17418e-05

Deactivating element with 
Nodes : (0.5) (1)
#id : 2
p level : 6
e = 2.14936e-05
E = 2.14936e-05
e~ 0.0933642
q = 1.93852e-05
E~ = 1.93852e-05

Deactivating element with 
Nodes : (0.5) (0.75)
#id : 3
p level : 2
e = 0.000733244
E = 0.000733244
e~ 0.00690631
q = 0.000540809
E~ = 0.000540809

Deactivating element with 
Nodes : (0.5) (0.625)
#id : 9
p level : 0
e = 0.000808752
E = 0.000808752
e~ 0.000723972
q = 0.000723972
E~ = 0.000723972

Deactivating element with 
Nodes : (0.625) (0.75)
#id : 10
p level : 1
e = 0.000962595
E = 0.000962595
e~ 0.00281085
q = 0.00071704
E~ = 0.00071704

Deactivating element with 
Nodes : (0.625) (0.6875)
#id : 13
p level : 0
e = 0.00104118
E = 0.00104118
e~ 0.000759756
q = 0.000759756
E~ = 0.000759756

Deactivating element with 
Nodes : (0.6875) (0.75)
#id : 14
p level : 0
e = 0.00235236
E = 0.00235236
e~ 0.00128062
q = 0.00128062
E~ = 0.00128062

Deactivating element with 
Nodes : (0.75) (1)
#id : 4
p level : 3
e = 0.000904332
E = 0.000904332
e~ 0.0545262
q = 0.000777956
E~ = 0.000777956

Deactivating element with 
Nodes : (0.75) (0.875)
#id : 5
p level : 1
e = 0.00362201
E = 0.00362201
e~ 0.0150829
q = 0.00292064
E~ = 0.00292064

Deactivating element with 
Nodes : (0.75) (0.8125)
#id : 11
p level : 0
e = 0.00496799
E = 0.00496799
e~ 0.00373707
q = 0.00373707
E~ = 0.00373707

Deactivating element with 
Nodes : (0.8125) (0.875)
#id : 12
p level : 0
e = 0.00990885
E = 0.00990885
e~ 0.00598013
q = 0.00598013
E~ = 0.00598013

Deactivating element with 
Nodes : (0.875) (1)
#id : 6
p level : 1
e = 0.011299
E = 0.011299
e~ 0.031489
q = 0.00831529
E~ = 0.00831529

Deactivating element with 
Nodes : (0.875) (0.9375)
#id : 7
p level : 0
e = 0.0188171
E = 0.0188171
e~ 0.0117785
q = 0.0117785
E~ = 0.0117785

Deactivating element with 
Nodes : (0.9375) (1)
#id : 8
p level : 0
e = 0.0342446
E = 0.0342446
e~ 0.0164045
q = 0.0164045
E~ = 0.0164045

